2025-08-01 22:29:27,991 INFO: Connecting to SQLite database...
2025-08-01 22:29:27,991 INFO: Creating tables...
2025-08-01 22:29:28,035 INFO: Found question block: Q1
2025-08-01 22:29:28,035 INFO: Found question block: Q2
2025-08-01 22:29:28,035 INFO: Found question block: Q3
2025-08-01 22:29:28,035 INFO: Found question block: Q3_OE
2025-08-01 22:29:28,035 INFO: Found question block: Q4
2025-08-01 22:29:28,036 INFO: Found question block: Q5
2025-08-01 22:29:28,036 INFO: Found question block: Q5_OE
2025-08-01 22:29:28,036 INFO: Found question block: Q6
2025-08-01 22:29:28,036 INFO: Found question block: Q6_OE
2025-08-01 22:29:28,036 INFO: Found question block: Q7
2025-08-01 22:29:28,036 INFO: Found question block: Q7_OE
2025-08-01 22:29:28,036 INFO: Found question block: Q8
2025-08-01 22:29:28,036 INFO: Found question block: Q9
2025-08-01 22:29:28,036 INFO: Found question block: Q10
2025-08-01 22:29:28,036 INFO: Found question block: Q11
2025-08-01 22:29:28,036 INFO: Found question block: Q12
2025-08-01 22:29:28,036 INFO: Found question block: Q12_OE
2025-08-01 22:29:28,036 INFO: Found question block: Q13
2025-08-01 22:29:28,036 INFO: Found question block: Q13_OE
2025-08-01 22:29:28,036 INFO: Found question block: Q14
2025-08-01 22:29:28,036 INFO: Found question block: Q14_OE
2025-08-01 22:29:28,036 INFO: Found question block: Q15
2025-08-01 22:29:28,036 INFO: Found question block: Q16
2025-08-01 22:29:28,036 INFO: Found question block: Q17
2025-08-01 22:29:28,036 INFO: Found question block: Q17_OE
2025-08-01 22:29:28,036 INFO: Found question block: Q18
2025-08-01 22:29:28,036 INFO: Found question block: Q19
2025-08-01 22:29:28,036 INFO: Parsed 27 questions from markdown.
2025-08-01 22:29:28,036 INFO: Inserting questions and answer options into database...
2025-08-01 22:29:28,037 INFO: Inserting 6 options for question Q1...
2025-08-01 22:29:28,037 INFO: Inserting 5 options for question Q2...
2025-08-01 22:29:28,037 INFO: Inserting 7 options for question Q3...
2025-08-01 22:29:28,037 INFO: Inserting 4 options for question Q4...
2025-08-01 22:29:28,037 INFO: Inserting 7 options for question Q5...
2025-08-01 22:29:28,037 INFO: Inserting 7 options for question Q6...
2025-08-01 22:29:28,037 INFO: Inserting 8 options for question Q7...
2025-08-01 22:29:28,037 INFO: Inserting 5 options for question Q8...
2025-08-01 22:29:28,038 INFO: Inserting 5 options for question Q9...
2025-08-01 22:29:28,038 INFO: Inserting 5 options for question Q11...
2025-08-01 22:29:28,038 INFO: Inserting 8 options for question Q12...
2025-08-01 22:29:28,038 INFO: Inserting 6 options for question Q13...
2025-08-01 22:29:28,038 INFO: Inserting 7 options for question Q14...
2025-08-01 22:29:28,038 INFO: Inserting 5 options for question Q16...
2025-08-01 22:29:28,038 INFO: Inserting 7 options for question Q17...
2025-08-01 22:29:28,043 INFO: Questions and options inserted.
2025-08-01 22:29:28,043 INFO: Loading responses CSV...
2025-08-01 22:29:28,111 INFO: Processing 1001 respondents' answers...
2025-08-01 22:29:28,318 INFO: Processed 500 respondents so far...
2025-08-01 22:29:28,521 INFO: Processed 1000 respondents so far...
2025-08-01 22:29:28,526 INFO: Finished processing. Inserted 6937 responses, skipped 48161 empty values.
2025-08-01 22:29:28,526 INFO: SQLite database 'data/ai_survey.db' has been created and populated.
